# JRE version: OpenJDK Runtime Environment (8.0_191-b12) (build 1.8.0_191-8u191-b12-2ubuntu0.16.04.1-b12)
# Java VM: OpenJDK 64-Bit Server VM (25.191-b12 mixed mode linux-amd64 compressed oops)
Heap:
 PSYoungGen      total 68608K, used 19980K [0x00000000d6e00000, 0x00000000e0c80000, 0x0000000100000000)
  eden space 63488K, 23% used [0x00000000d6e00000,0x00000000d7c8a348,0x00000000dac00000)
  from space 5120K, 99% used [0x00000000dac00000,0x00000000db0f8cd8,0x00000000db100000)
  to   space 33280K, 0% used [0x00000000dec00000,0x00000000dec00000,0x00000000e0c80000)
 ParOldGen       total 94720K, used 31824K [0x0000000084a00000, 0x000000008a680000, 0x00000000d6e00000)
  object space 94720K, 33% used [0x0000000084a00000,0x0000000086914360,0x000000008a680000)
 Metaspace       used 24073K, capacity 25522K, committed 25776K, reserved 1071104K
  class space    used 3144K, capacity 3436K, committed 3504K, reserved 1048576K
GC Heap History (10 events):
Event: 4,952 GC heap before
{Heap before GC invocations=2 (full 0):
 PSYoungGen      total 36864K, used 36839K [0x00000000d6e00000, 0x00000000d9700000, 0x0000000100000000)
  eden space 31744K, 100% used [0x00000000d6e00000,0x00000000d8d00000,0x00000000d8d00000)
  from space 5120K, 99% used [0x00000000d8d00000,0x00000000d91f9d28,0x00000000d9200000)
  to   space 5120K, 0% used [0x00000000d9200000,0x00000000d9200000,0x00000000d9700000)
 ParOldGen       total 84992K, used 2720K [0x0000000084a00000, 0x0000000089d00000, 0x00000000d6e00000)
  object space 84992K, 3% used [0x0000000084a00000,0x0000000084ca80d0,0x0000000089d00000)
 Metaspace       used 18778K, capacity 19416K, committed 19584K, reserved 1067008K
  class space    used 2474K, capacity 2627K, committed 2688K, reserved 1048576K
Event: 4,986 GC heap after
Heap after GC invocations=2 (full 0):
 PSYoungGen      total 36864K, used 5118K [0x00000000d6e00000, 0x00000000d9700000, 0x0000000100000000)
  eden space 31744K, 0% used [0x00000000d6e00000,0x00000000d6e00000,0x00000000d8d00000)
  from space 5120K, 99% used [0x00000000d9200000,0x00000000d96ff948,0x00000000d9700000)
  to   space 5120K, 0% used [0x00000000d8d00000,0x00000000d8d00000,0x00000000d9200000)
 ParOldGen       total 84992K, used 32153K [0x0000000084a00000, 0x0000000089d00000, 0x00000000d6e00000)
  object space 84992K, 37% used [0x0000000084a00000,0x0000000086966478,0x0000000089d00000)
 Metaspace       used 18778K, capacity 19416K, committed 19584K, reserved 1067008K
  class space    used 2474K, capacity 2627K, committed 2688K, reserved 1048576K
}
Event: 5,194 GC heap before
{Heap before GC invocations=3 (full 0):
 PSYoungGen      total 36864K, used 12357K [0x00000000d6e00000, 0x00000000d9700000, 0x0000000100000000)
  eden space 31744K, 22% used [0x00000000d6e00000,0x00000000d7511db8,0x00000000d8d00000)
  from space 5120K, 99% used [0x00000000d9200000,0x00000000d96ff948,0x00000000d9700000)
  to   space 5120K, 0% used [0x00000000d8d00000,0x00000000d8d00000,0x00000000d9200000)
 ParOldGen       total 84992K, used 32153K [0x0000000084a00000, 0x0000000089d00000, 0x00000000d6e00000)
  object space 84992K, 37% used [0x0000000084a00000,0x0000000086966478,0x0000000089d00000)
 Metaspace       used 20584K, capacity 21208K, committed 21296K, reserved 1067008K
  class space    used 2661K, capacity 2819K, committed 2864K, reserved 1048576K
Event: 5,199 GC heap after
Heap after GC invocations=3 (full 0):
 PSYoungGen      total 36864K, used 5095K [0x00000000d6e00000, 0x00000000db600000, 0x0000000100000000)
  eden space 31744K, 0% used [0x00000000d6e00000,0x00000000d6e00000,0x00000000d8d00000)
  from space 5120K, 99% used [0x00000000d8d00000,0x00000000d91f9c38,0x00000000d9200000)
  to   space 5120K, 0% used [0x00000000db100000,0x00000000db100000,0x00000000db600000)
 ParOldGen       total 84992K, used 33496K [0x0000000084a00000, 0x0000000089d00000, 0x00000000d6e00000)
  object space 84992K, 39% used [0x0000000084a00000,0x0000000086ab6148,0x0000000089d00000)
 Metaspace       used 20584K, capacity 21208K, committed 21296K, reserved 1067008K
  class space    used 2661K, capacity 2819K, committed 2864K, reserved 1048576K
}
Event: 5,199 GC heap before
{Heap before GC invocations=4 (full 1):
 PSYoungGen      total 36864K, used 5095K [0x00000000d6e00000, 0x00000000db600000, 0x0000000100000000)
  eden space 31744K, 0% used [0x00000000d6e00000,0x00000000d6e00000,0x00000000d8d00000)
  from space 5120K, 99% used [0x00000000d8d00000,0x00000000d91f9c38,0x00000000d9200000)
  to   space 5120K, 0% used [0x00000000db100000,0x00000000db100000,0x00000000db600000)
 ParOldGen       total 84992K, used 33496K [0x0000000084a00000, 0x0000000089d00000, 0x00000000d6e00000)
  object space 84992K, 39% used [0x0000000084a00000,0x0000000086ab6148,0x0000000089d00000)
 Metaspace       used 20584K, capacity 21208K, committed 21296K, reserved 1067008K
  class space    used 2661K, capacity 2819K, committed 2864K, reserved 1048576K
Event: 5,228 GC heap after
Heap after GC invocations=4 (full 1):
 PSYoungGen      total 36864K, used 0K [0x00000000d6e00000, 0x00000000db600000, 0x0000000100000000)
  eden space 31744K, 0% used [0x00000000d6e00000,0x00000000d6e00000,0x00000000d8d00000)
  from space 5120K, 0% used [0x00000000d8d00000,0x00000000d8d00000,0x00000000d9200000)
  to   space 5120K, 0% used [0x00000000db100000,0x00000000db100000,0x00000000db600000)
 ParOldGen       total 94720K, used 18329K [0x0000000084a00000, 0x000000008a680000, 0x00000000d6e00000)
  object space 94720K, 19% used [0x0000000084a00000,0x0000000085be66d8,0x000000008a680000)
 Metaspace       used 20584K, capacity 21208K, committed 21296K, reserved 1067008K
  class space    used 2661K, capacity 2819K, committed 2864K, reserved 1048576K
}
Event: 5,622 GC heap before
{Heap before GC invocations=5 (full 1):
 PSYoungGen      total 36864K, used 31744K [0x00000000d6e00000, 0x00000000db600000, 0x0000000100000000)
  eden space 31744K, 100% used [0x00000000d6e00000,0x00000000d8d00000,0x00000000d8d00000)
  from space 5120K, 0% used [0x00000000d8d00000,0x00000000d8d00000,0x00000000d9200000)
  to   space 5120K, 0% used [0x00000000db100000,0x00000000db100000,0x00000000db600000)
 ParOldGen       total 94720K, used 18329K [0x0000000084a00000, 0x000000008a680000, 0x00000000d6e00000)
  object space 94720K, 19% used [0x0000000084a00000,0x0000000085be66d8,0x000000008a680000)
 Metaspace       used 21698K, capacity 22472K, committed 22576K, reserved 1069056K
  class space    used 2817K, capacity 3027K, committed 3120K, reserved 1048576K
Event: 5,628 GC heap after
Heap after GC invocations=5 (full 1):
 PSYoungGen      total 59392K, used 5107K [0x00000000d6e00000, 0x00000000db600000, 0x0000000100000000)
  eden space 54272K, 0% used [0x00000000d6e00000,0x00000000d6e00000,0x00000000da300000)
  from space 5120K, 99% used [0x00000000db100000,0x00000000db5fcce8,0x00000000db600000)
  to   space 5120K, 0% used [0x00000000dac00000,0x00000000dac00000,0x00000000db100000)
 ParOldGen       total 94720K, used 20910K [0x0000000084a00000, 0x000000008a680000, 0x00000000d6e00000)
  object space 94720K, 22% used [0x0000000084a00000,0x0000000085e6bb88,0x000000008a680000)
 Metaspace       used 21698K, capacity 22472K, committed 22576K, reserved 1069056K
  class space    used 2817K, capacity 3027K, committed 3120K, reserved 1048576K
}
Event: 6,448 GC heap before
{Heap before GC invocations=6 (full 1):
 PSYoungGen      total 59392K, used 59379K [0x00000000d6e00000, 0x00000000db600000, 0x0000000100000000)
  eden space 54272K, 100% used [0x00000000d6e00000,0x00000000da300000,0x00000000da300000)
  from space 5120K, 99% used [0x00000000db100000,0x00000000db5fcce8,0x00000000db600000)
  to   space 5120K, 0% used [0x00000000dac00000,0x00000000dac00000,0x00000000db100000)
 ParOldGen       total 94720K, used 20910K [0x0000000084a00000, 0x000000008a680000, 0x00000000d6e00000)
  object space 94720K, 22% used [0x0000000084a00000,0x0000000085e6bb88,0x000000008a680000)
 Metaspace       used 23842K, capacity 25204K, committed 25520K, reserved 1071104K
  class space    used 3133K, capacity 3399K, committed 3504K, reserved 1048576K
Event: 6,476 GC heap after
Heap after GC invocations=6 (full 1):
 PSYoungGen      total 68608K, used 5091K [0x00000000d6e00000, 0x00000000e0c80000, 0x0000000100000000)
  eden space 63488K, 0% used [0x00000000d6e00000,0x00000000d6e00000,0x00000000dac00000)
  from space 5120K, 99% used [0x00000000dac00000,0x00000000db0f8cd8,0x00000000db100000)
  to   space 33280K, 0% used [0x00000000dec00000,0x00000000dec00000,0x00000000e0c80000)
 ParOldGen       total 94720K, used 31824K [0x0000000084a00000, 0x000000008a680000, 0x00000000d6e00000)
  object space 94720K, 33% used [0x0000000084a00000,0x0000000086914360,0x000000008a680000)
 Metaspace       used 23842K, capacity 25204K, committed 25520K, reserved 1071104K
  class space    used 3133K, capacity 3399K, committed 3504K, reserved 1048576K
}

